words = word2vec.keys()
len(words)
114999
print words[0]
义演
print words[14]
集群
print words[145]
形象
doc[0]
'\xe6'
doc[1]
'\x88'
feat[-1, :].mean()
-0.0041857408
feat[-1, :].max()
0.18780157
feat[-1, :].min()
-0.16381954
print word

len(word)
0
len(words)
1
len(words[0])
0
feat.mean()
-0.0022610496
feat.mean()
-0.00061041414
feat.mean()
-0.00063818815
feat.shape
(20, 300)
feat.mean()
-0.00069651566
feat.mean()
0.00013755774
feat.mean()
-0.00053011987
len(gmm)
3
len(gmm[0])
1000
len(gmm[1])
1000
len(gmm[2])
1000
type(gmm[1])
<type 'numpy.ndarray'>
gmm[1].shape
(1000, 300)
gmm[2].shape
(1000, 300)
print word
义演
print vec
[-0.01654907 -0.01178464  0.06169779  0.00020403  0.06373034  0.01271754
  0.03013613  0.01443935 -0.02341563 -0.12798156 -0.02813734  0.06610532
  0.00766029  0.03187103  0.00724276 -0.04668864 -0.00057449 -0.00790764
  0.07962072  0.08038551 -0.01557551 -0.08064733 -0.03308091 -0.07587946
  0.11590341 -0.01472253  0.02724371  0.03229752 -0.04802599  0.00145103
  0.012207   -0.01850376 -0.05475062 -0.00838029 -0.03816159 -0.0991883
  0.03188274  0.01471013 -0.05513301 -0.04222944  0.05690167 -0.13858526
  0.03495223 -0.03410201  0.05537003 -0.11528331 -0.13837856  0.06494367
 -0.15044982  0.0029485  -0.04143433 -0.04067368  0.02588983 -0.13013124
  0.1007661   0.06016822  0.03547174  0.00922156 -0.01938912  0.04610781
 -0.01348922 -0.03860186  0.04225217 -0.03854398  0.07565898  0.02417766
  0.13318351  0.00698645 -0.09918141  0.08132255 -0.09188491 -0.07836675
 -0.0251464   0.07191082  0.07609305 -0.00082707 -0.01184114  0.02327714
  0.04335457  0.03008721  0.05334437  0.04040635  0.06623416  0.00916231
 -0.06371932 -0.01306962  0.05185682  0.02345628  0.01751229 -0.07858723
 -0.0182006  -0.03236228  0.01094337 -0.02037094 -0.1407556  -0.02785554
  0.10044916  0.07203484  0.01042731  0.0008627   0.03837035  0.05888117
 -0.03442239  0.02298707  0.02058936  0.05257545 -0.04765875  0.07939335
  0.07864235 -0.0111859  -0.02000371  0.00918573 -0.01506772 -0.01901086
  0.06229653  0.01897021 -0.04189321 -0.08270744 -0.04292464  0.03726244
 -0.14599889  0.04529617 -0.05098248 -0.04629384  0.02481499  0.06102809
  0.0812881   0.01313439  0.01354228  0.01940703  0.03190548 -0.01232964
 -0.01927199  0.0801857   0.06905837  0.09534368  0.11408445 -0.08010991
  0.0434655  -0.00555505  0.00093814  0.10840021 -0.02261226  0.02886699
 -0.10259884  0.07225532  0.09488894 -0.0531046   0.10741494 -0.10580958
 -0.04496063 -0.00536847  0.00573971  0.03963673 -0.03690279 -0.03262893
  0.028754    0.01158138 -0.06087582 -0.01289462  0.05866069  0.02922045
 -0.04242374 -0.05169491  0.02736842  0.01155245 -0.00286114 -0.02402677
 -0.07610683  0.01126651  0.03574182 -0.0009524   0.02133003  0.0394135
  0.07082221  0.03981725  0.03636399 -0.11655796 -0.04787716 -0.07765708
  0.00476615 -0.0481755  -0.03788599 -0.01722773 -0.02537928 -0.00117585
 -0.00497781 -0.00987542  0.04906155 -0.07906263 -0.03410269  0.03969874
  0.08770957  0.04204203  0.00070429 -0.04408698 -0.04029197  0.11881099
 -0.0548643  -0.11141803 -0.04740175  0.05911198 -0.09413104  0.10323272
 -0.04430264 -0.06195961 -0.02973375  0.0200106   0.03965465  0.1057958
 -0.1220355   0.09186424 -0.01868221  0.01140638 -0.05363719 -0.02130592
  0.04839736 -0.07284786  0.02112195 -0.12889104 -0.04028577  0.04340005
  0.02848597 -0.01863604 -0.01513731 -0.03111451  0.01517796 -0.06369865
  0.00578959 -0.0130834   0.03581899 -0.0288036   0.00577753  0.01634926
 -0.05094527 -0.06397287  0.03328761  0.03043033 -0.10463828 -0.01553279
 -0.07563142  0.03221966  0.01051412  0.05414499 -0.07659602 -0.06981627
  0.02807671  0.09783097 -0.02318619 -0.04611057 -0.00448662 -0.04115804
  0.07039503 -0.08836412 -0.01756672  0.05306532 -0.09277371 -0.08569769
  0.04571922  0.03733961 -0.04263319  0.10823485  0.02422865  0.13393451
  0.00021511 -0.00166207  0.01529578  0.0526912  -0.00172574 -0.03695997
 -0.1284363   0.12089176 -0.01190452 -0.01431533  0.07534204  0.01479832
  0.00451508 -0.05608796 -0.01170403  0.00805922  0.02600627  0.08889465
 -0.00608007 -0.06862637 -0.01021165 -0.04266075  0.0534236   0.04942603
 -0.03832075  0.01493888  0.06710988 -0.0953299   0.09889892 -0.01497815
  0.06836041 -0.0188579   0.00632618  0.01459231  0.0244884   0.0430776 ]
post_p.sum()
1.0
post_p[:20]
array([  2.11179576e-087,   5.41104547e-040,   4.12550599e-128,
         1.05824693e-110,   8.40892394e-239,   8.38283017e-054,
         2.22580575e-098,   0.00000000e+000,   0.00000000e+000,
         8.20982353e-113,   0.00000000e+000,   8.28910032e-073,
         2.39049156e-121,   1.34928999e-046,   1.03336446e-150,
         3.92346297e-096,   0.00000000e+000,   6.48190188e-070,
         0.00000000e+000,   2.12396861e-074])
max(post_p)
0.99999999999999545
len(word2vec_distr.keys())
5506
idx
3713
print word
商铺
print word
石家庄
word2vec_distr[word].sum()
1.0000000000000002
word2vec_distr[word].max()
0.99946145409502152
word2vec_distr[word].sort()[-2:]
Traceback (most recent call last):
  Debug Probe, prompt 40, line 1
TypeError: 'NoneType' object has no attribute '__getitem__'
word2vec_distr[word].mean()
0.0010000000000000002
word2vec_distr[word].max()
0.99946145409502152
word2vec_distr[word].min()
0.0
word2vec_distr[word][0]
0.0
word2vec_distr[word][-1]
0.99946145409502152
likeli_prob.max()
5.7011752530749151e+214
likeli_prob.min()
0.0
likeli_prob[:10]
array([  3.61799671e+168,   4.97634023e+170,   9.42872545e+124,
         5.67722348e+115,   3.34013153e-027,   1.97536468e+135,
         1.63759052e+117,   0.00000000e+000,   0.00000000e+000,
         9.93451137e+116])
mu.shape
(1000, 300)
mu[0, :]
array([  4.88527156e-02,   3.58707234e-02,   4.91602942e-02,
        -6.64926739e-03,   5.22809140e-02,   2.32972596e-02,
        -2.55728699e-03,   1.06940570e-03,  -1.31243160e-02,
        -2.44894121e-02,   5.23245297e-02,  -7.00479597e-02,
         8.87995865e-03,   5.56634925e-03,   8.53831042e-03,
        -1.75426099e-02,   2.97672930e-03,  -8.30494612e-03,
         4.36199792e-02,   3.37536372e-02,  -4.86623943e-02,
         7.09958747e-03,  -5.27871475e-02,  -3.85843366e-02,
        -5.21965735e-02,   5.27789332e-02,   1.19254794e-02,
         1.41843930e-02,  -2.26556566e-02,  -2.70996280e-02,
         1.51475333e-02,   1.91461742e-02,  -2.38345377e-02,
        -1.86173289e-04,  -2.95681525e-02,  -2.18487978e-02,
        -2.37012208e-02,  -1.75420009e-02,   7.40706827e-03,
        -2.52718348e-02,   5.57299517e-02,  -5.30148074e-02,
         7.63890520e-02,   2.47527030e-03,  -2.81486027e-02,
        -3.84206362e-02,  -4.01636306e-03,   4.34744405e-03,
         3.79198603e-02,   6.36303872e-02,  -7.43529899e-03,
        -4.87060333e-03,   2.73433216e-02,  -6.42457232e-02,
         4.16759439e-02,  -5.09497747e-02,   2.59899511e-03,
         1.31068323e-02,  -9.96349286e-03,   4.08300646e-02,
         7.90140629e-02,  -4.72940840e-02,  -3.16118007e-03,
        -2.06378065e-02,   3.99045423e-02,   1.37270484e-02,
         3.28430049e-02,   2.49941088e-02,   3.09279691e-02,
         2.94250473e-02,  -3.51722166e-02,  -4.18142416e-02,
        -2.67499350e-02,  -4.07833932e-03,   3.86442244e-02,
         3.76895582e-03,  -4.52758803e-04,   9.36976522e-02,
         8.18231702e-03,  -7.94139132e-02,   1.32483505e-02,
        -3.53103615e-02,   9.64494795e-03,  -1.22767007e-02,
        -3.52914333e-02,  -2.48951577e-02,   4.11325581e-02,
        -3.44706560e-03,   1.83506515e-02,  -1.39104407e-02,
        -5.25076985e-02,   1.08442195e-02,   3.92376594e-02,
         1.26318950e-02,  -7.56830797e-02,   6.15748693e-04,
         3.56252119e-02,  -4.24584653e-03,  -5.30505888e-02,
         2.10521575e-02,  -2.53458899e-02,   1.92120057e-02,
         2.84510031e-02,  -2.80556194e-02,  -7.11750891e-03,
         2.81507690e-02,  -6.06717484e-04,   3.36250337e-03,
         2.32977327e-03,  -1.71507546e-03,  -1.83778144e-02,
        -3.31374928e-02,  -4.99167219e-02,   4.33456572e-03,
         4.32662293e-03,  -3.16732936e-02,  -3.07425242e-02,
        -1.78154372e-02,   2.50973050e-02,   2.60043032e-02,
         1.97768491e-02,  -1.85593031e-02,  -2.04307903e-02,
        -4.11258116e-02,   8.19342956e-02,   3.02310251e-02,
        -3.01428675e-03,  -6.95721433e-03,  -6.58931136e-02,
         1.20129501e-02,  -9.71054733e-02,   4.18317765e-02,
         2.68905819e-03,   9.89686791e-03,   3.27714011e-02,
        -6.55566389e-03,  -9.80259199e-03,  -5.43484166e-02,
        -3.05067990e-02,   2.31920015e-02,   3.64087932e-02,
         2.64907014e-02,   2.87916418e-02,   5.94158433e-02,
         1.21662235e-02,   1.80881433e-02,   4.12795730e-02,
        -5.45599358e-03,  -1.72935869e-03,  -6.61655739e-02,
         3.99195999e-02,  -4.14251909e-02,   9.99719650e-02,
         2.23617274e-02,   1.89173967e-02,  -3.84121835e-02,
         3.33292000e-02,   2.60013565e-02,  -2.34518517e-02,
        -2.56456826e-02,   1.44930715e-02,   4.23074737e-02,
         2.05737557e-02,   1.11680450e-02,   6.29429743e-02,
         2.87716612e-02,   3.47233452e-02,   8.87164101e-03,
         4.56913374e-02,  -4.24565077e-02,  -3.33666243e-02,
        -5.07968180e-02,   3.78659777e-02,   3.42459343e-02,
         2.95651257e-02,   2.04807147e-02,   9.35476720e-02,
        -1.84647758e-02,  -2.95167509e-02,  -1.00401722e-01,
         1.10636908e-03,  -4.26285192e-02,  -1.91320875e-03,
        -1.98036600e-02,   1.91453714e-02,  -1.67820919e-02,
        -3.63783748e-03,   2.17365492e-02,   4.13699560e-02,
        -2.81272009e-02,  -3.44830845e-03,   3.43176834e-02,
         6.65102452e-02,   2.56440304e-02,   8.65750946e-03,
        -1.21155232e-02,  -8.29014704e-02,   2.88256276e-02,
        -9.53810588e-02,  -5.00724502e-02,  -4.54037637e-02,
         6.02203049e-02,  -2.78274249e-02,   4.11023162e-02,
        -5.71582653e-02,  -6.19102791e-02,  -5.36616594e-02,
        -4.90463898e-02,  -1.89274941e-02,   7.16869086e-02,
        -2.90176477e-02,   7.18392432e-02,  -2.68917494e-02,
        -8.73497874e-03,  -1.30411023e-02,   4.77363020e-02,
         4.09825668e-02,  -6.16999045e-02,   1.11714993e-02,
        -4.12132144e-02,   3.67493145e-02,  -7.42893713e-03,
         5.41664667e-05,  -9.54037979e-02,   2.33394485e-02,
         6.11174479e-02,   2.50788517e-02,  -3.33078839e-02,
         3.74962692e-03,   4.71467040e-02,  -4.33828831e-02,
         8.09696019e-02,   4.51594815e-02,   1.92192160e-02,
        -8.97476673e-02,  -3.80944163e-02,  -4.48351465e-02,
         1.01872869e-02,  -1.38903232e-02,  -4.61887978e-02,
        -7.18118697e-02,   8.23289528e-03,   1.89236440e-02,
         6.23171292e-02,  -4.94355671e-02,  -3.61753069e-02,
         3.95572232e-03,  -6.97952928e-03,  -2.78170519e-02,
         1.21008111e-02,   5.25875092e-02,  -2.69367285e-02,
         2.72565540e-02,  -2.68098246e-02,  -1.36371832e-02,
         4.07023877e-02,  -8.71426798e-03,  -1.16600841e-02,
        -1.25845158e-02,   3.83328646e-02,  -4.18798923e-02,
         7.88313970e-02,  -4.77712788e-02,   2.93606315e-02,
        -2.64930110e-02,   7.39395525e-03,   1.81902274e-02,
        -3.68084759e-02,  -7.21163990e-04,  -3.77843808e-03,
        -2.03799754e-02,  -1.13871153e-02,   5.02483100e-02,
         6.94680028e-03,  -3.33774202e-02,   3.11384499e-02,
         3.57843339e-02,  -5.07674664e-02,  -2.48618871e-02,
        -3.57317589e-02,   8.67812559e-02,   4.73238081e-02,
        -1.70170646e-02,  -5.68105765e-02,  -1.04047339e-02,
        -7.82208592e-02,   2.12779772e-02,  -5.98322675e-02,
        -8.18517730e-02,   2.22468376e-02,   1.30101526e-02,
        -1.97472963e-02,   3.43854949e-02,   3.47306281e-02,
         1.86213274e-02,  -6.99283779e-02,  -2.26674210e-02,
        -2.69009322e-02,  -2.36661620e-02,   7.82862380e-02], dtype=float32)
mu[1, :100]
array([ 0.03898318, -0.00507032,  0.01226435,  0.01064691,  0.02610334,
        0.02795492, -0.00314531,  0.00047044, -0.02074298, -0.04558034,
        0.0232034 , -0.01120477,  0.00133806,  0.01375037,  0.01838859,
       -0.01058314,  0.01230705,  0.01071368,  0.07851534,  0.05909169,
       -0.02238636, -0.05059206, -0.02124187, -0.046613  ,  0.01505551,
       -0.02822222, -0.01856579,  0.00542074, -0.04784923, -0.02405815,
        0.01294069, -0.03962496, -0.03644513,  0.01746024, -0.01062708,
       -0.05162602,  0.01106464,  0.0336571 , -0.04185013, -0.0496627 ,
        0.00743841, -0.05570122, -0.02363763, -0.0417698 ,  0.02200612,
       -0.04816972, -0.04351116,  0.00917348, -0.03898148, -0.00437279,
       -0.03064379, -0.01229957, -0.01224302, -0.03928221,  0.03103564,
        0.0076033 ,  0.0481475 ,  0.03570734, -0.01629617,  0.06140964,
        0.04249212, -0.00110114, -0.01809198, -0.02275901,  0.05278721,
        0.00616583,  0.060568  , -0.00927941, -0.04097724,  0.06356738,
       -0.05792568, -0.0129138 , -0.02519574,  0.02184792,  0.04800203,
       -0.00577458,  0.00918419,  0.0067817 ,  0.02910666, -0.02042939,
        0.02039442,  0.01189943,  0.03327635, -0.02841844, -0.02131536,
       -0.02376019,  0.01412635,  0.00398614, -0.02239782, -0.01845802,
       -0.02017944, -0.02041769,  0.01180061,  0.01885902, -0.05436128,
       -0.01961778,  0.01743661,  0.02921815, -0.01193314,  0.01552646], dtype=float32)
post_p[:10]
array([ 0.,  0.,  0.,  0.,  0.,  0.,  0.,  0.,  0.,  0.])
likeli_prob[:10]
array([  1.49723681e+184,   2.33120296e+186,   1.18081548e+137,
         3.45338728e+126,   8.43030067e+005,   1.91155269e+158,
         1.24284698e+137,   0.00000000e+000,   0.00000000e+000,
         6.52112758e+124])
mu0 = mu[0, :]
mnormal_distrs[0].pdf(mu0)
7.6833957061985165e+292
cov[0, :20]
array([ 0.00246024,  0.00207123,  0.00222415,  0.00171085,  0.00293165,
        0.00213301,  0.00222994,  0.00211855,  0.0025977 ,  0.00187921,
        0.0017539 ,  0.00282266,  0.00163146,  0.00194832,  0.0016446 ,
        0.0017684 ,  0.00171859,  0.00164314,  0.00186102,  0.00103978], dtype=float32)
cov[0, :].min()
0.00090378395
mnormal_distrs[0].pdf(np.zeros((300,)))
4.8131853986918316e+237
mnormal_distrs[0].pdf(np.ones((300,)))
0.0
mu0[:100]
array([ 0.04885272,  0.03587072,  0.04916029, -0.00664927,  0.05228091,
        0.02329726, -0.00255729,  0.00106941, -0.01312432, -0.02448941,
        0.05232453, -0.07004796,  0.00887996,  0.00556635,  0.00853831,
       -0.01754261,  0.00297673, -0.00830495,  0.04361998,  0.03375364,
       -0.04866239,  0.00709959, -0.05278715, -0.03858434, -0.05219657,
        0.05277893,  0.01192548,  0.01418439, -0.02265566, -0.02709963,
        0.01514753,  0.01914617, -0.02383454, -0.00018617, -0.02956815,
       -0.0218488 , -0.02370122, -0.017542  ,  0.00740707, -0.02527183,
        0.05572995, -0.05301481,  0.07638905,  0.00247527, -0.0281486 ,
       -0.03842064, -0.00401636,  0.00434744,  0.03791986,  0.06363039,
       -0.0074353 , -0.0048706 ,  0.02734332, -0.06424572,  0.04167594,
       -0.05094977,  0.002599  ,  0.01310683, -0.00996349,  0.04083006,
        0.07901406, -0.04729408, -0.00316118, -0.02063781,  0.03990454,
        0.01372705,  0.032843  ,  0.02499411,  0.03092797,  0.02942505,
       -0.03517222, -0.04181424, -0.02674994, -0.00407834,  0.03864422,
        0.00376896, -0.00045276,  0.09369765,  0.00818232, -0.07941391,
        0.01324835, -0.03531036,  0.00964495, -0.0122767 , -0.03529143,
       -0.02489516,  0.04113256, -0.00344707,  0.01835065, -0.01391044,
       -0.0525077 ,  0.01084422,  0.03923766,  0.0126319 , -0.07568308,
        0.00061575,  0.03562521, -0.00424585, -0.05305059,  0.02105216], dtype=float32)
float(gmm[0])
Traceback (most recent call last):
  Debug Probe, prompt 61, line 1
TypeError: only length-1 arrays can be converted to Python scalars
w[0]
Traceback (most recent call last):
  Debug Probe, prompt 62, line 1
NameError: name 'w' is not defined
w
array([  1.37651467e-03,   5.50193363e-04,   8.99974606e-04,
         3.00000014e-04,   1.56569888e-03,   7.00017670e-04,
         2.36715982e-03,   7.50000036e-05,   4.99999987e-05,
         1.85075018e-03,   4.99999987e-05,   6.00025407e-04,
         2.25150702e-03,   6.49764144e-04,   2.50000012e-04,
         1.07560295e-03,   2.49999994e-05,   4.74555243e-04,
         9.25000000e-04,   6.74998213e-04,   1.35005626e-03,
         1.25000006e-04,   4.99999987e-05,   2.20853440e-03,
         7.25000689e-04,   3.99999990e-04,   1.47443137e-03,
         5.25003823e-04,   4.01565759e-03,   8.49996461e-04,
         1.25000006e-04,   2.75000260e-04,   2.77499668e-03,
         7.50308740e-04,   1.02555181e-03,   1.02500664e-03,
         1.37600827e-03,   1.47513766e-03,   1.47533079e-03,
         1.74999994e-04,   7.50000036e-05,   4.99999987e-05,
         2.49999994e-05,   1.57599722e-03,   7.50000036e-05,
         4.99999987e-05,   6.00083964e-04,   1.05001393e-03,
         3.55974352e-03,   4.75014967e-04,   7.25008489e-04,
         8.50472192e-04,   5.32430038e-03,   6.25342014e-04,
         9.49999550e-04,   1.14977383e-03,   2.49999994e-05,
         7.50000036e-05,   7.00013305e-04,   2.24999996e-04,
         2.49999994e-05,   1.07518979e-03,   1.47558481e-03,
         4.50000429e-04,   2.99999898e-04,   1.62473950e-03,
         5.49998716e-04,   7.50000036e-05,   4.25000006e-04,
         1.75105187e-03,   1.15068315e-03,   1.97575847e-03,
         4.75000008e-04,   9.99999975e-05,   4.99999987e-05,
         2.24999996e-04,   1.89995521e-03,   3.35369864e-03,
         3.19593726e-03,   7.25114369e-04,   1.50000007e-04,
         4.75009729e-04,   5.25005627e-04,   8.00003530e-04,
         7.50000036e-05,   4.99999987e-05,   2.49999994e-05,
         5.00000315e-04,   4.99999987e-05,   1.25000006e-04,
         2.82619009e-03,   7.75883847e-04,   2.49999994e-05,
         1.50109979e-03,   5.25868498e-04,   3.99999990e-04,
         4.99999987e-05,   7.76156841e-04,   7.50000036e-05,
         7.50000036e-05,   7.75197521e-04,   7.50000036e-05,
         5.49991382e-04,   3.25000001e-04,   2.50000012e-04,
         4.62191040e-03,   3.00000014e-04,   4.99999987e-05,
         3.38843232e-03,   4.99999987e-05,   2.94310856e-03,
         7.25178048e-04,   1.32498774e-03,   1.45209779e-03,
         6.25137880e-04,   2.05005868e-03,   7.50000298e-04,
         4.99999987e-05,   2.24999996e-04,   7.74999848e-04,
         1.99999995e-04,   2.32492690e-03,   1.30018068e-03,
         6.25517394e-04,   9.75092873e-04,   4.25024744e-04,
         6.75139367e-04,   6.50007511e-04,   5.50007622e-04,
         7.25003891e-04,   3.39271966e-03,   1.24999019e-03,
         4.99999987e-05,   5.00192982e-04,   3.29989474e-03,
         7.50083535e-04,   3.12330062e-03,   4.99999987e-05,
         1.74999994e-04,   4.74991451e-04,   3.75000003e-04,
         2.74999999e-04,   1.00007444e-03,   2.84979329e-03,
         1.14999944e-03,   3.55029339e-03,   6.25384564e-04,
         9.99999975e-05,   9.75394272e-04,   2.49999994e-05,
         2.12559616e-03,   6.00010797e-04,   4.99999987e-05,
         5.99813589e-04,   1.65187451e-03,   9.99999975e-05,
         2.74999999e-04,   2.74999999e-04,   2.76772748e-03,
         1.82529679e-03,   1.32511358e-03,   6.25001849e-04,
         7.50000036e-05,   2.49999994e-05,   1.50000007e-04,
         2.02585175e-03,   3.00000014e-04,   4.99999987e-05,
         8.75629543e-04,   8.99999985e-04,   4.00010002e-04,
         8.75232508e-04,   5.99997409e-04,   3.00000014e-04,
         7.50000036e-05,   2.33279937e-03,   2.49999994e-05,
         1.25000006e-04,   6.75000309e-04,   9.75056726e-04,
         5.75106766e-04,   3.99999990e-04,   1.05004734e-03,
         7.50000036e-05,   4.99999987e-05,   1.75025011e-03,
         1.03085791e-03,   2.92715919e-03,   1.25000006e-04,
         6.75172429e-04,   9.99998418e-04,   2.49999994e-05,
         4.99999987e-05,   2.75000639e-04,   2.49999994e-05,
         1.25051360e-03,   6.50194881e-04,   4.99999987e-05,
         1.17515691e-03,   1.74999994e-04,   1.05019135e-03,
         6.75000541e-04,   1.50000007e-04,   3.99999990e-04,
         4.75000037e-04,   2.74999853e-04,   2.74999999e-04,
         2.74999999e-04,   5.99992927e-04,   7.50026200e-04,
         2.77446955e-03,   2.97429482e-03,   3.74789000e-03,
         3.25000001e-04,   1.50000007e-04,   1.32556958e-03,
         7.75053399e-04,   1.90022541e-03,   1.10469537e-03,
         9.25204484e-04,   1.25000006e-04,   4.99985530e-04,
         1.60000438e-03,   2.07538251e-03,   6.49937429e-04,
         1.97505020e-03,   4.00000281e-04,   1.99999995e-04,
         7.25518621e-04,   5.75017708e-04,   2.15002848e-03,
         5.25044801e-04,   1.25000006e-04,   1.48049428e-03,
         3.86945158e-03,   8.50021257e-04,   3.00000451e-04,
         1.22504809e-03,   2.00051721e-03,   8.24993709e-04,
         1.27609412e-03,   2.00115331e-03,   7.00006203e-04,
         2.74999999e-04,   1.62496511e-03,   7.01045268e-04,
         1.74999994e-04,   2.49999994e-05,   6.49823924e-04,
         1.12484023e-03,   6.75169751e-04,   3.25000001e-04,
         2.49999994e-05,   1.19990436e-03,   3.32652964e-03,
         1.74999994e-04,   1.47538935e-03,   7.00000732e-04,
         2.74999999e-04,   2.50000012e-04,   9.24942142e-04,
         4.25000530e-04,   1.60575390e-03,   4.75083536e-04,
         7.50000036e-05,   1.62607478e-03,   1.27481914e-03,
         7.50000036e-05,   8.99687700e-04,   4.75000008e-04,
         1.12496770e-03,   7.25000107e-04,   1.24991999e-03,
         1.25000006e-04,   1.72507286e-03,   1.60049228e-03,
         4.99999987e-05,   2.07262929e-03,   1.25000006e-04,
         1.57468626e-03,   8.25141906e-04,   2.49999994e-05,
         1.40018098e-03,   8.00174894e-04,   2.49999994e-05,
         7.50000036e-05,   2.74999999e-04,   1.15083624e-03,
         1.17547915e-03,   4.99999987e-05,   4.99999987e-05,
         2.69453903e-03,   5.25009411e-04,   2.49999994e-05,
         2.24999996e-04,   2.47719768e-03,   1.14997325e-03,
         1.74999994e-04,   2.74999999e-04,   3.74998257e-04,
         1.72732142e-03,   1.96983013e-03,   2.49999994e-05,
         3.50000075e-04,   4.00001241e-04,   7.00345729e-04,
         7.25069956e-04,   1.02495681e-03,   2.49999994e-05,
         1.00013800e-03,   2.50000012e-04,   1.50000007e-04,
         6.50387257e-04,   2.37493124e-03,   5.00002061e-04,
         2.13008374e-03,   2.75023776e-04,   7.00001139e-04,
         2.13037827e-03,   1.50000007e-04,   8.50001816e-04,
         8.49996402e-04,   1.47492427e-03,   9.99999975e-05,
         3.00000014e-04,   7.50000036e-05,   2.49999994e-05,
         1.25000006e-04,   2.49999994e-05,   5.00028138e-04,
         1.55012240e-03,   1.82361447e-03,   9.00000392e-04,
         1.10660086e-03,   7.50000036e-05,   6.75000018e-04,
         2.95141269e-03,   3.17753945e-03,   1.82521786e-03,
         2.60364427e-03,   1.45201583e-03,   1.75017142e-03,
         8.50384706e-04,   9.99999975e-05,   2.50000012e-04,
         2.80157500e-03,   2.24999996e-04,   8.75070575e-04,
         1.10444205e-03,   1.00017246e-03,   3.50000511e-04,
         6.75347866e-04,   4.99999987e-05,   2.17581214e-03,
         4.99999987e-05,   2.09857034e-03,   7.00475473e-04,
         2.02539074e-03,   7.25061516e-04,   4.00627498e-03,
         9.25022701e-04,   2.01506983e-03,   4.25000704e-04,
         1.00027944e-03,   2.49999994e-05,   1.99915050e-03,
         5.50039636e-04,   4.75011155e-04,   2.49999994e-05,
         4.99999987e-05,   2.24999996e-04,   6.50000002e-04,
         7.50000036e-05,   1.27451005e-03,   4.75087872e-04,
         1.62510702e-03,   4.50020132e-04,   3.24989262e-04,
         1.50000007e-04,   5.50002558e-04,   7.50000036e-05,
         2.27348739e-03,   9.75109695e-04,   2.49999994e-05,
         6.25000219e-04,   2.24999996e-04,   1.80586742e-03,
         3.00000043e-04,   2.49999994e-05,   7.50000036e-05,
         2.44870712e-03,   1.87807239e-03,   7.50000036e-05,
         2.24999996e-04,   7.50000036e-05,   3.84287653e-03,
         1.74999994e-04,   8.00035778e-04,   3.00323148e-03,
         3.07094050e-03,   2.09832354e-03,   4.17163409e-03,
         1.74999994e-04,   4.00069577e-04,   1.57561048e-03,
         9.50084883e-04,   2.24999996e-04,   1.77691283e-03,
         6.25232409e-04,   8.50142853e-04,   9.75005794e-04,
         9.25308443e-04,   3.61167383e-03,   1.44976645e-03,
         2.50000012e-04,   9.99999975e-05,   4.25000006e-04,
         3.68141592e-03,   2.74999999e-04,   1.50008826e-03,
         3.09765618e-03,   3.64539144e-03,   4.99999987e-05,
         1.17509067e-03,   3.74444574e-03,   1.12493162e-03,
         1.25000006e-04,   4.25000006e-04,   1.99999995e-04,
         1.99999995e-04,   1.20001717e-03,   4.53309389e-03,
         2.55033164e-03,   9.50081623e-04,   2.49999994e-05,
         4.49999992e-04,   7.50000036e-05,   5.75000013e-04,
         1.75089529e-03,   1.25000006e-04,   2.20022956e-03,
         1.79940474e-03,   1.47634593e-03,   6.50084461e-04,
         9.74897121e-04,   9.75002011e-04,   8.00034148e-04,
         3.99999990e-04,   1.63837417e-03,   2.14913278e-03,
         7.50000036e-05,   2.20054248e-03,   1.29995868e-03,
         1.07505580e-03,   1.47527060e-03,   1.02869445e-03,
         1.00018992e-03,   5.75073354e-04,   1.22490525e-03,
         3.26540763e-03,   3.57749872e-03,   2.24999996e-04,
         5.75065322e-04,   6.49999420e-04,   7.75034714e-04,
         8.74909863e-04,   5.00016613e-04,   1.00002426e-03,
         3.22781596e-03,   1.47463963e-03,   1.25000006e-04,
         1.25000006e-04,   4.46585799e-03,   1.35024532e-03,
         1.74999994e-04,   9.24658088e-04,   2.37396709e-03,
         2.49999994e-05,   3.25000001e-04,   6.49783993e-04,
         7.99984206e-04,   2.47814110e-03,   7.75193505e-04,
         1.40127202e-03,   2.20108335e-03,   9.74999799e-04,
         7.75016379e-04,   7.50016246e-04,   9.49999783e-04,
         4.99999987e-05,   4.37000347e-03,   3.49999988e-04,
         5.49970777e-04,   2.49999994e-05,   9.24988941e-04,
         3.00000014e-04,   2.49999994e-05,   2.70752818e-03,
         1.97465275e-03,   2.49999994e-05,   2.17076996e-03,
         4.50009684e-04,   3.49999988e-04,   2.74999999e-04,
         4.25024278e-04,   1.19998073e-03,   4.99999987e-05,
         9.99999975e-05,   1.99999995e-04,   2.27471907e-03,
         1.82611623e-03,   1.99999995e-04,   6.50043774e-04,
         8.75065161e-04,   2.12488836e-03,   1.75210019e-03,
         3.45225143e-03,   9.99999975e-05,   6.50065427e-04,
         1.98789407e-03,   3.50037619e-04,   3.10016470e-03,
         2.27516564e-03,   5.00000024e-04,   2.24999996e-04,
         1.52499485e-03,   3.75001866e-04,   1.35019247e-03,
         2.14871275e-03,   3.15917213e-03,   6.74742623e-04,
         5.00157359e-04,   2.82314932e-03,   7.74986052e-04,
         1.44993921e-03,   9.99999975e-05,   9.99999975e-05,
         7.75067019e-04,   3.99999990e-04,   4.49929328e-04,
         1.44997484e-03,   2.60330550e-03,   1.50000007e-04,
         7.75108463e-04,   7.24993239e-04,   2.24999996e-04,
         6.75129704e-04,   1.19999307e-03,   1.04995992e-03,
         9.99683281e-04,   3.25000001e-04,   9.99999975e-05,
         2.50000012e-04,   1.50000007e-04,   9.49763693e-04,
         1.22530700e-03,   3.25000001e-04,   3.05649405e-03,
         2.59142113e-03,   3.00565525e-03,   9.26441455e-04,
         6.49999885e-04,   9.99999975e-05,   7.50000036e-05,
         2.24999996e-04,   3.99999990e-04,   9.24998778e-04,
         4.00000106e-04,   9.99999975e-05,   1.25000006e-04,
         5.75113634e-04,   9.75018484e-04,   2.87927734e-03,
         1.70452066e-03,   2.49999994e-05,   2.45387619e-03,
         2.33081612e-03,   4.99999987e-05,   4.99999987e-05,
         9.99999975e-05,   6.00013242e-04,   5.00701659e-04,
         3.23216408e-03,   1.50000007e-04,   4.99999987e-05,
         1.32051669e-03,   1.74999994e-04,   4.75000008e-04,
         7.26379454e-04,   1.97527697e-03,   1.02510781e-03,
         2.49999994e-05,   3.99999990e-04,   2.97666667e-03,
         1.59986550e-03,   4.75000008e-04,   4.99999987e-05,
         6.74995361e-04,   9.99999975e-05,   8.74991121e-04,
         4.00001154e-04,   2.90145166e-03,   1.00030401e-03,
         5.00017137e-04,   2.05343706e-03,   6.25005923e-04,
         9.25846281e-04,   8.24974326e-04,   3.49999988e-04,
         8.99979495e-04,   2.49999994e-05,   4.25024977e-04,
         1.05030043e-03,   1.14994682e-03,   2.09971122e-03,
         1.19996641e-03,   2.49999994e-05,   1.74999994e-04,
         2.70479778e-03,   3.75230098e-03,   1.25000006e-04,
         4.99999987e-05,   3.26910289e-03,   1.25012104e-03,
         2.74999999e-04,   1.74999994e-04,   5.75000362e-04,
         1.47518469e-03,   2.49999994e-05,   1.30002259e-03,
         1.74999994e-04,   7.24974321e-04,   7.99989619e-04,
         6.24999986e-04,   7.50000036e-05,   4.50085558e-04,
         5.00000024e-04,   1.88573857e-03,   1.99999995e-04,
         3.75001313e-04,   9.25062748e-04,   1.35007885e-03,
         1.97487720e-03,   8.25281604e-04,   2.49999994e-05,
         9.99999975e-05,   2.49999994e-05,   4.99999987e-05,
         1.07548223e-03,   4.99999987e-05,   7.25008140e-04,
         4.99999987e-05,   2.25509843e-03,   9.24999360e-04,
         2.50000012e-04,   1.30052143e-03,   7.50000036e-05,
         2.50000012e-04,   8.51330638e-04,   9.99999975e-05,
         7.50000036e-05,   1.72500825e-03,   2.49999994e-05,
         5.50039113e-04,   1.20003358e-03,   3.87033541e-03,
         4.00000048e-04,   5.00001071e-04,   5.25013194e-04,
         9.99999975e-05,   4.99999987e-05,   1.10004202e-03,
         1.30011048e-03,   7.75002351e-04,   5.00008871e-04,
         2.29975255e-03,   1.92563003e-03,   3.49999988e-04,
         1.62400957e-03,   8.00212787e-04,   3.78906471e-03,
         3.37070739e-03,   7.50000036e-05,   1.15051179e-03,
         3.49999988e-04,   2.49999994e-05,   3.25000176e-04,
         3.83016979e-03,   2.27212068e-03,   5.49999939e-04,
         1.39992114e-03,   2.07956857e-03,   6.74999261e-04,
         1.99962663e-03,   6.99984026e-04,   2.27660500e-03,
         8.75121797e-04,   3.00000014e-04,   1.25000006e-04,
         2.24999996e-04,   3.55825503e-03,   1.74999994e-04,
         3.75000003e-04,   2.02509947e-03,   8.75469996e-04,
         1.82470644e-03,   8.25166120e-04,   7.50000036e-05,
         5.49999997e-04,   9.25334461e-04,   1.40144175e-03,
         1.10219850e-03,   4.58619324e-03,   9.99999975e-05,
         9.50055954e-04,   2.52451096e-03,   2.30020424e-03,
         5.00000780e-04,   7.50000036e-05,   4.25001374e-04,
         1.02490280e-03,   2.24999996e-04,   1.74999994e-04,
         3.25000001e-04,   1.24993245e-03,   2.49999994e-05,
         6.74976851e-04,   2.24999996e-04,   1.92112371e-03,
         2.24999996e-04,   4.99999987e-05,   2.08041025e-03,
         5.25009877e-04,   3.06858355e-03,   2.15167413e-03,
         4.50000109e-04,   1.75240880e-03,   2.88367551e-03,
         4.99999987e-05,   4.99999987e-05,   1.12512964e-03,
         4.75000008e-04,   7.00146484e-04,   4.49999992e-04,
         9.00104525e-04,   8.24854185e-04,   3.50000017e-04,
         8.25267402e-04,   4.25000035e-04,   2.24999996e-04,
         2.49999994e-05,   4.75002686e-04,   2.50000012e-04,
         1.74999994e-04,   1.57457707e-03,   7.50000036e-05,
         8.75020400e-04,   1.30145403e-03,   1.47501333e-03,
         4.99999987e-05,   9.99999975e-05,   2.49999994e-05,
         2.74999999e-04,   6.75000018e-04,   1.35358877e-03,
         1.02529163e-03,   3.99999990e-04,   1.69913215e-03,
         3.00000014e-04,   2.50000012e-04,   4.99999987e-05,
         2.04378576e-03,   2.50000012e-04,   2.45103496e-03,
         1.25000006e-04,   6.75007177e-04,   1.78719230e-03,
         4.99999987e-05,   1.10046600e-03,   7.75001827e-04,
         3.25000146e-04,   6.75000018e-04,   9.99999975e-05,
         2.49999994e-05,   4.75001900e-04,   2.92502833e-03,
         1.00006571e-03,   2.50000012e-04,   7.49979634e-04,
         7.00590492e-04,   2.49999994e-05,   8.99987528e-04,
         1.50000007e-04,   3.29763186e-03,   6.50000060e-04,
         4.99999987e-05,   4.99999987e-05,   2.30153580e-03,
         7.50000036e-05,   3.49593814e-03,   2.49999994e-05,
         3.49999988e-04,   7.99910165e-04,   7.25143414e-04,
         1.52516575e-03,   1.99999995e-04,   5.00000024e-04,
         1.07414089e-03,   1.49966811e-03,   4.21702163e-03,
         1.99999995e-04,   7.83296011e-04,   1.70135102e-03,
         2.17812345e-03,   1.74999994e-04,   1.50000007e-04,
         1.20013347e-03,   4.99999987e-05,   7.24996324e-04,
         1.87706563e-03,   1.30277476e-03,   3.88813554e-03,
         2.29860842e-03,   4.49996674e-04,   1.50000007e-04,
         1.74999994e-04,   1.60051137e-03,   4.25000151e-04,
         1.15008280e-03,   7.99954287e-04,   7.25001504e-04,
         2.37723207e-03,   1.17547030e-03,   2.49999994e-05,
         2.15125061e-03,   2.37593637e-03,   6.50068338e-04,
         7.50000036e-05,   2.22506304e-03,   3.29708401e-03,
         3.22630187e-03,   3.20289610e-03,   1.34994870e-03,
         1.67646271e-03,   8.00014473e-04,   2.49999994e-05,
         9.50132380e-04,   9.99999975e-05,   1.37532363e-03,
         7.50145759e-04,   5.99982275e-04,   1.84925366e-03,
         1.20122905e-03,   7.25129910e-04,   2.67486763e-03,
         9.99999975e-05,   1.02533086e-03,   1.74999994e-04,
         1.07517594e-03,   3.82366986e-03,   5.00000024e-04,
         2.49999994e-05,   1.42698293e-03,   1.12483010e-03,
         2.32762517e-03,   2.96302792e-03,   9.49929818e-04,
         1.70320738e-03,   6.00067258e-04,   2.72487034e-03,
         2.49999994e-05,   1.25000006e-04,   1.87555084e-03,
         2.49999994e-05,   7.25012738e-04,   1.14986720e-03,
         2.00075377e-03,   1.25000006e-04,   1.70003052e-03,
         8.00001551e-04,   4.99999987e-05,   9.99999975e-05,
         5.50005701e-04,   3.14694550e-03,   3.25000001e-04,
         4.74999193e-04,   6.25000102e-04,   6.25504006e-04,
         1.92701793e-03,   1.50000007e-04,   1.74999994e-04,
         5.24999981e-04,   3.69766587e-03,   1.74999994e-04,
         2.50000012e-04,   7.99978094e-04,   2.26769364e-03,
         3.75064963e-04,   3.50000162e-04,   2.09970027e-03,
         1.12499413e-03,   2.27093440e-03,   2.49512494e-03,
         1.67489343e-03,   1.50108594e-03,   8.00001726e-04,
         4.75003064e-04,   1.54986116e-03,   2.88073858e-03,
         1.05012918e-03,   2.50000012e-04,   6.74999028e-04,
         1.25000006e-04,   8.00021633e-04,   9.25245695e-04,
         5.25012903e-04,   7.75220455e-04,   1.75081694e-03,
         2.52740528e-03,   4.50017513e-04,   1.14968419e-03,
         2.42410856e-03,   6.25001383e-04,   1.82210561e-03,
         2.49999994e-05,   5.74992446e-04,   3.14450054e-03,
         4.50000109e-04,   2.22377642e-03,   3.25000030e-04,
         2.49999994e-05,   1.32638076e-03,   2.49999994e-05,
         1.62343367e-03,   4.74999950e-04,   4.25000006e-04,
         3.25000001e-04,   1.70376315e-03,   1.02550699e-03,
         4.49997868e-04,   1.92508847e-03,   4.04777052e-03,
         7.50001462e-04,   2.24999996e-04,   7.50000036e-05,
         6.99998578e-04,   1.96111458e-03,   2.05352833e-03,
         4.19731485e-03,   7.50000036e-05,   1.74999994e-04,
         1.62595557e-03,   5.49999590e-04,   1.53042737e-03,
         3.25000001e-04,   7.75132619e-04,   3.99999990e-04,
         1.47524639e-03,   1.50000007e-04,   5.75024460e-04,
         3.00000014e-04,   6.24999695e-04,   1.20002474e-03,
         3.49999988e-04,   1.50000007e-04,   9.25022876e-04,
         2.49999994e-05,   3.00000014e-04,   8.99997714e-04,
         2.24999996e-04,   2.77793757e-03,   1.07506732e-03,
         2.49999994e-05,   6.25000219e-04,   7.25076126e-04,
         5.50277880e-04,   2.48552673e-03,   1.80163537e-03,
         4.75104811e-04,   1.77432003e-03,   1.75202044e-03,
         3.75000003e-04,   2.59854621e-03,   1.69995939e-03,
         1.50000007e-04,   8.25015479e-04,   5.74997801e-04,
         1.25296786e-03,   1.62509689e-03,   3.99999990e-04,
         3.25000758e-04,   2.62092776e-03,   1.20001158e-03,
         3.99999990e-04,   1.25941250e-03,   1.99999995e-04,
         2.24999982e-04,   3.81075358e-03,   7.24999583e-04,
         4.99999987e-05], dtype=float32)
w.astype(np.float64)
array([  1.37651467e-03,   5.50193363e-04,   8.99974606e-04,
         3.00000014e-04,   1.56569888e-03,   7.00017670e-04,
         2.36715982e-03,   7.50000036e-05,   4.99999987e-05,
         1.85075018e-03,   4.99999987e-05,   6.00025407e-04,
         2.25150702e-03,   6.49764144e-04,   2.50000012e-04,
         1.07560295e-03,   2.49999994e-05,   4.74555243e-04,
         9.25000000e-04,   6.74998213e-04,   1.35005626e-03,
         1.25000006e-04,   4.99999987e-05,   2.20853440e-03,
         7.25000689e-04,   3.99999990e-04,   1.47443137e-03,
         5.25003823e-04,   4.01565759e-03,   8.49996461e-04,
         1.25000006e-04,   2.75000260e-04,   2.77499668e-03,
         7.50308740e-04,   1.02555181e-03,   1.02500664e-03,
         1.37600827e-03,   1.47513766e-03,   1.47533079e-03,
         1.74999994e-04,   7.50000036e-05,   4.99999987e-05,
         2.49999994e-05,   1.57599722e-03,   7.50000036e-05,
         4.99999987e-05,   6.00083964e-04,   1.05001393e-03,
         3.55974352e-03,   4.75014967e-04,   7.25008489e-04,
         8.50472192e-04,   5.32430038e-03,   6.25342014e-04,
         9.49999550e-04,   1.14977383e-03,   2.49999994e-05,
         7.50000036e-05,   7.00013305e-04,   2.24999996e-04,
         2.49999994e-05,   1.07518979e-03,   1.47558481e-03,
         4.50000429e-04,   2.99999898e-04,   1.62473950e-03,
         5.49998716e-04,   7.50000036e-05,   4.25000006e-04,
         1.75105187e-03,   1.15068315e-03,   1.97575847e-03,
         4.75000008e-04,   9.99999975e-05,   4.99999987e-05,
         2.24999996e-04,   1.89995521e-03,   3.35369864e-03,
         3.19593726e-03,   7.25114369e-04,   1.50000007e-04,
         4.75009729e-04,   5.25005627e-04,   8.00003530e-04,
         7.50000036e-05,   4.99999987e-05,   2.49999994e-05,
         5.00000315e-04,   4.99999987e-05,   1.25000006e-04,
         2.82619009e-03,   7.75883847e-04,   2.49999994e-05,
         1.50109979e-03,   5.25868498e-04,   3.99999990e-04,
         4.99999987e-05,   7.76156841e-04,   7.50000036e-05,
         7.50000036e-05,   7.75197521e-04,   7.50000036e-05,
         5.49991382e-04,   3.25000001e-04,   2.50000012e-04,
         4.62191040e-03,   3.00000014e-04,   4.99999987e-05,
         3.38843232e-03,   4.99999987e-05,   2.94310856e-03,
         7.25178048e-04,   1.32498774e-03,   1.45209779e-03,
         6.25137880e-04,   2.05005868e-03,   7.50000298e-04,
         4.99999987e-05,   2.24999996e-04,   7.74999848e-04,
         1.99999995e-04,   2.32492690e-03,   1.30018068e-03,
         6.25517394e-04,   9.75092873e-04,   4.25024744e-04,
         6.75139367e-04,   6.50007511e-04,   5.50007622e-04,
         7.25003891e-04,   3.39271966e-03,   1.24999019e-03,
         4.99999987e-05,   5.00192982e-04,   3.29989474e-03,
         7.50083535e-04,   3.12330062e-03,   4.99999987e-05,
         1.74999994e-04,   4.74991451e-04,   3.75000003e-04,
         2.74999999e-04,   1.00007444e-03,   2.84979329e-03,
         1.14999944e-03,   3.55029339e-03,   6.25384564e-04,
         9.99999975e-05,   9.75394272e-04,   2.49999994e-05,
         2.12559616e-03,   6.00010797e-04,   4.99999987e-05,
         5.99813589e-04,   1.65187451e-03,   9.99999975e-05,
         2.74999999e-04,   2.74999999e-04,   2.76772748e-03,
         1.82529679e-03,   1.32511358e-03,   6.25001849e-04,
         7.50000036e-05,   2.49999994e-05,   1.50000007e-04,
         2.02585175e-03,   3.00000014e-04,   4.99999987e-05,
         8.75629543e-04,   8.99999985e-04,   4.00010002e-04,
         8.75232508e-04,   5.99997409e-04,   3.00000014e-04,
         7.50000036e-05,   2.33279937e-03,   2.49999994e-05,
         1.25000006e-04,   6.75000309e-04,   9.75056726e-04,
         5.75106766e-04,   3.99999990e-04,   1.05004734e-03,
         7.50000036e-05,   4.99999987e-05,   1.75025011e-03,
         1.03085791e-03,   2.92715919e-03,   1.25000006e-04,
         6.75172429e-04,   9.99998418e-04,   2.49999994e-05,
         4.99999987e-05,   2.75000639e-04,   2.49999994e-05,
         1.25051360e-03,   6.50194881e-04,   4.99999987e-05,
         1.17515691e-03,   1.74999994e-04,   1.05019135e-03,
         6.75000541e-04,   1.50000007e-04,   3.99999990e-04,
         4.75000037e-04,   2.74999853e-04,   2.74999999e-04,
         2.74999999e-04,   5.99992927e-04,   7.50026200e-04,
         2.77446955e-03,   2.97429482e-03,   3.74789000e-03,
         3.25000001e-04,   1.50000007e-04,   1.32556958e-03,
         7.75053399e-04,   1.90022541e-03,   1.10469537e-03,
         9.25204484e-04,   1.25000006e-04,   4.99985530e-04,
         1.60000438e-03,   2.07538251e-03,   6.49937429e-04,
         1.97505020e-03,   4.00000281e-04,   1.99999995e-04,
         7.25518621e-04,   5.75017708e-04,   2.15002848e-03,
         5.25044801e-04,   1.25000006e-04,   1.48049428e-03,
         3.86945158e-03,   8.50021257e-04,   3.00000451e-04,
         1.22504809e-03,   2.00051721e-03,   8.24993709e-04,
         1.27609412e-03,   2.00115331e-03,   7.00006203e-04,
         2.74999999e-04,   1.62496511e-03,   7.01045268e-04,
         1.74999994e-04,   2.49999994e-05,   6.49823924e-04,
         1.12484023e-03,   6.75169751e-04,   3.25000001e-04,
         2.49999994e-05,   1.19990436e-03,   3.32652964e-03,
         1.74999994e-04,   1.47538935e-03,   7.00000732e-04,
         2.74999999e-04,   2.50000012e-04,   9.24942142e-04,
         4.25000530e-04,   1.60575390e-03,   4.75083536e-04,
         7.50000036e-05,   1.62607478e-03,   1.27481914e-03,
         7.50000036e-05,   8.99687700e-04,   4.75000008e-04,
         1.12496770e-03,   7.25000107e-04,   1.24991999e-03,
         1.25000006e-04,   1.72507286e-03,   1.60049228e-03,
         4.99999987e-05,   2.07262929e-03,   1.25000006e-04,
         1.57468626e-03,   8.25141906e-04,   2.49999994e-05,
         1.40018098e-03,   8.00174894e-04,   2.49999994e-05,
         7.50000036e-05,   2.74999999e-04,   1.15083624e-03,
         1.17547915e-03,   4.99999987e-05,   4.99999987e-05,
         2.69453903e-03,   5.25009411e-04,   2.49999994e-05,
         2.24999996e-04,   2.47719768e-03,   1.14997325e-03,
         1.74999994e-04,   2.74999999e-04,   3.74998257e-04,
         1.72732142e-03,   1.96983013e-03,   2.49999994e-05,
         3.50000075e-04,   4.00001241e-04,   7.00345729e-04,
         7.25069956e-04,   1.02495681e-03,   2.49999994e-05,
         1.00013800e-03,   2.50000012e-04,   1.50000007e-04,
         6.50387257e-04,   2.37493124e-03,   5.00002061e-04,
         2.13008374e-03,   2.75023776e-04,   7.00001139e-04,
         2.13037827e-03,   1.50000007e-04,   8.50001816e-04,
         8.49996402e-04,   1.47492427e-03,   9.99999975e-05,
         3.00000014e-04,   7.50000036e-05,   2.49999994e-05,
         1.25000006e-04,   2.49999994e-05,   5.00028138e-04,
         1.55012240e-03,   1.82361447e-03,   9.00000392e-04,
         1.10660086e-03,   7.50000036e-05,   6.75000018e-04,
         2.95141269e-03,   3.17753945e-03,   1.82521786e-03,
         2.60364427e-03,   1.45201583e-03,   1.75017142e-03,
         8.50384706e-04,   9.99999975e-05,   2.50000012e-04,
         2.80157500e-03,   2.24999996e-04,   8.75070575e-04,
         1.10444205e-03,   1.00017246e-03,   3.50000511e-04,
         6.75347866e-04,   4.99999987e-05,   2.17581214e-03,
         4.99999987e-05,   2.09857034e-03,   7.00475473e-04,
         2.02539074e-03,   7.25061516e-04,   4.00627498e-03,
         9.25022701e-04,   2.01506983e-03,   4.25000704e-04,
         1.00027944e-03,   2.49999994e-05,   1.99915050e-03,
         5.50039636e-04,   4.75011155e-04,   2.49999994e-05,
         4.99999987e-05,   2.24999996e-04,   6.50000002e-04,
         7.50000036e-05,   1.27451005e-03,   4.75087872e-04,
         1.62510702e-03,   4.50020132e-04,   3.24989262e-04,
         1.50000007e-04,   5.50002558e-04,   7.50000036e-05,
         2.27348739e-03,   9.75109695e-04,   2.49999994e-05,
         6.25000219e-04,   2.24999996e-04,   1.80586742e-03,
         3.00000043e-04,   2.49999994e-05,   7.50000036e-05,
         2.44870712e-03,   1.87807239e-03,   7.50000036e-05,
         2.24999996e-04,   7.50000036e-05,   3.84287653e-03,
         1.74999994e-04,   8.00035778e-04,   3.00323148e-03,
         3.07094050e-03,   2.09832354e-03,   4.17163409e-03,
         1.74999994e-04,   4.00069577e-04,   1.57561048e-03,
         9.50084883e-04,   2.24999996e-04,   1.77691283e-03,
         6.25232409e-04,   8.50142853e-04,   9.75005794e-04,
         9.25308443e-04,   3.61167383e-03,   1.44976645e-03,
         2.50000012e-04,   9.99999975e-05,   4.25000006e-04,
         3.68141592e-03,   2.74999999e-04,   1.50008826e-03,
         3.09765618e-03,   3.64539144e-03,   4.99999987e-05,
         1.17509067e-03,   3.74444574e-03,   1.12493162e-03,
         1.25000006e-04,   4.25000006e-04,   1.99999995e-04,
         1.99999995e-04,   1.20001717e-03,   4.53309389e-03,
         2.55033164e-03,   9.50081623e-04,   2.49999994e-05,
         4.49999992e-04,   7.50000036e-05,   5.75000013e-04,
         1.75089529e-03,   1.25000006e-04,   2.20022956e-03,
         1.79940474e-03,   1.47634593e-03,   6.50084461e-04,
         9.74897121e-04,   9.75002011e-04,   8.00034148e-04,
         3.99999990e-04,   1.63837417e-03,   2.14913278e-03,
         7.50000036e-05,   2.20054248e-03,   1.29995868e-03,
         1.07505580e-03,   1.47527060e-03,   1.02869445e-03,
         1.00018992e-03,   5.75073354e-04,   1.22490525e-03,
         3.26540763e-03,   3.57749872e-03,   2.24999996e-04,
         5.75065322e-04,   6.49999420e-04,   7.75034714e-04,
         8.74909863e-04,   5.00016613e-04,   1.00002426e-03,
         3.22781596e-03,   1.47463963e-03,   1.25000006e-04,
         1.25000006e-04,   4.46585799e-03,   1.35024532e-03,
         1.74999994e-04,   9.24658088e-04,   2.37396709e-03,
         2.49999994e-05,   3.25000001e-04,   6.49783993e-04,
         7.99984206e-04,   2.47814110e-03,   7.75193505e-04,
         1.40127202e-03,   2.20108335e-03,   9.74999799e-04,
         7.75016379e-04,   7.50016246e-04,   9.49999783e-04,
         4.99999987e-05,   4.37000347e-03,   3.49999988e-04,
         5.49970777e-04,   2.49999994e-05,   9.24988941e-04,
         3.00000014e-04,   2.49999994e-05,   2.70752818e-03,
         1.97465275e-03,   2.49999994e-05,   2.17076996e-03,
         4.50009684e-04,   3.49999988e-04,   2.74999999e-04,
         4.25024278e-04,   1.19998073e-03,   4.99999987e-05,
         9.99999975e-05,   1.99999995e-04,   2.27471907e-03,
         1.82611623e-03,   1.99999995e-04,   6.50043774e-04,
         8.75065161e-04,   2.12488836e-03,   1.75210019e-03,
         3.45225143e-03,   9.99999975e-05,   6.50065427e-04,
         1.98789407e-03,   3.50037619e-04,   3.10016470e-03,
         2.27516564e-03,   5.00000024e-04,   2.24999996e-04,
         1.52499485e-03,   3.75001866e-04,   1.35019247e-03,
         2.14871275e-03,   3.15917213e-03,   6.74742623e-04,
         5.00157359e-04,   2.82314932e-03,   7.74986052e-04,
         1.44993921e-03,   9.99999975e-05,   9.99999975e-05,
         7.75067019e-04,   3.99999990e-04,   4.49929328e-04,
         1.44997484e-03,   2.60330550e-03,   1.50000007e-04,
         7.75108463e-04,   7.24993239e-04,   2.24999996e-04,
         6.75129704e-04,   1.19999307e-03,   1.04995992e-03,
         9.99683281e-04,   3.25000001e-04,   9.99999975e-05,
         2.50000012e-04,   1.50000007e-04,   9.49763693e-04,
         1.22530700e-03,   3.25000001e-04,   3.05649405e-03,
         2.59142113e-03,   3.00565525e-03,   9.26441455e-04,
         6.49999885e-04,   9.99999975e-05,   7.50000036e-05,
         2.24999996e-04,   3.99999990e-04,   9.24998778e-04,
         4.00000106e-04,   9.99999975e-05,   1.25000006e-04,
         5.75113634e-04,   9.75018484e-04,   2.87927734e-03,
         1.70452066e-03,   2.49999994e-05,   2.45387619e-03,
         2.33081612e-03,   4.99999987e-05,   4.99999987e-05,
         9.99999975e-05,   6.00013242e-04,   5.00701659e-04,
         3.23216408e-03,   1.50000007e-04,   4.99999987e-05,
         1.32051669e-03,   1.74999994e-04,   4.75000008e-04,
         7.26379454e-04,   1.97527697e-03,   1.02510781e-03,
         2.49999994e-05,   3.99999990e-04,   2.97666667e-03,
         1.59986550e-03,   4.75000008e-04,   4.99999987e-05,
         6.74995361e-04,   9.99999975e-05,   8.74991121e-04,
         4.00001154e-04,   2.90145166e-03,   1.00030401e-03,
         5.00017137e-04,   2.05343706e-03,   6.25005923e-04,
         9.25846281e-04,   8.24974326e-04,   3.49999988e-04,
         8.99979495e-04,   2.49999994e-05,   4.25024977e-04,
         1.05030043e-03,   1.14994682e-03,   2.09971122e-03,
         1.19996641e-03,   2.49999994e-05,   1.74999994e-04,
         2.70479778e-03,   3.75230098e-03,   1.25000006e-04,
         4.99999987e-05,   3.26910289e-03,   1.25012104e-03,
         2.74999999e-04,   1.74999994e-04,   5.75000362e-04,
         1.47518469e-03,   2.49999994e-05,   1.30002259e-03,
         1.74999994e-04,   7.24974321e-04,   7.99989619e-04,
         6.24999986e-04,   7.50000036e-05,   4.50085558e-04,
         5.00000024e-04,   1.88573857e-03,   1.99999995e-04,
         3.75001313e-04,   9.25062748e-04,   1.35007885e-03,
         1.97487720e-03,   8.25281604e-04,   2.49999994e-05,
         9.99999975e-05,   2.49999994e-05,   4.99999987e-05,
         1.07548223e-03,   4.99999987e-05,   7.25008140e-04,
         4.99999987e-05,   2.25509843e-03,   9.24999360e-04,
         2.50000012e-04,   1.30052143e-03,   7.50000036e-05,
         2.50000012e-04,   8.51330638e-04,   9.99999975e-05,
         7.50000036e-05,   1.72500825e-03,   2.49999994e-05,
         5.50039113e-04,   1.20003358e-03,   3.87033541e-03,
         4.00000048e-04,   5.00001071e-04,   5.25013194e-04,
         9.99999975e-05,   4.99999987e-05,   1.10004202e-03,
         1.30011048e-03,   7.75002351e-04,   5.00008871e-04,
         2.29975255e-03,   1.92563003e-03,   3.49999988e-04,
         1.62400957e-03,   8.00212787e-04,   3.78906471e-03,
         3.37070739e-03,   7.50000036e-05,   1.15051179e-03,
         3.49999988e-04,   2.49999994e-05,   3.25000176e-04,
         3.83016979e-03,   2.27212068e-03,   5.49999939e-04,
         1.39992114e-03,   2.07956857e-03,   6.74999261e-04,
         1.99962663e-03,   6.99984026e-04,   2.27660500e-03,
         8.75121797e-04,   3.00000014e-04,   1.25000006e-04,
         2.24999996e-04,   3.55825503e-03,   1.74999994e-04,
         3.75000003e-04,   2.02509947e-03,   8.75469996e-04,
         1.82470644e-03,   8.25166120e-04,   7.50000036e-05,
         5.49999997e-04,   9.25334461e-04,   1.40144175e-03,
         1.10219850e-03,   4.58619324e-03,   9.99999975e-05,
         9.50055954e-04,   2.52451096e-03,   2.30020424e-03,
         5.00000780e-04,   7.50000036e-05,   4.25001374e-04,
         1.02490280e-03,   2.24999996e-04,   1.74999994e-04,
         3.25000001e-04,   1.24993245e-03,   2.49999994e-05,
         6.74976851e-04,   2.24999996e-04,   1.92112371e-03,
         2.24999996e-04,   4.99999987e-05,   2.08041025e-03,
         5.25009877e-04,   3.06858355e-03,   2.15167413e-03,
         4.50000109e-04,   1.75240880e-03,   2.88367551e-03,
         4.99999987e-05,   4.99999987e-05,   1.12512964e-03,
         4.75000008e-04,   7.00146484e-04,   4.49999992e-04,
         9.00104525e-04,   8.24854185e-04,   3.50000017e-04,
         8.25267402e-04,   4.25000035e-04,   2.24999996e-04,
         2.49999994e-05,   4.75002686e-04,   2.50000012e-04,
         1.74999994e-04,   1.57457707e-03,   7.50000036e-05,
         8.75020400e-04,   1.30145403e-03,   1.47501333e-03,
         4.99999987e-05,   9.99999975e-05,   2.49999994e-05,
         2.74999999e-04,   6.75000018e-04,   1.35358877e-03,
         1.02529163e-03,   3.99999990e-04,   1.69913215e-03,
         3.00000014e-04,   2.50000012e-04,   4.99999987e-05,
         2.04378576e-03,   2.50000012e-04,   2.45103496e-03,
         1.25000006e-04,   6.75007177e-04,   1.78719230e-03,
         4.99999987e-05,   1.10046600e-03,   7.75001827e-04,
         3.25000146e-04,   6.75000018e-04,   9.99999975e-05,
         2.49999994e-05,   4.75001900e-04,   2.92502833e-03,
         1.00006571e-03,   2.50000012e-04,   7.49979634e-04,
         7.00590492e-04,   2.49999994e-05,   8.99987528e-04,
         1.50000007e-04,   3.29763186e-03,   6.50000060e-04,
         4.99999987e-05,   4.99999987e-05,   2.30153580e-03,
         7.50000036e-05,   3.49593814e-03,   2.49999994e-05,
         3.49999988e-04,   7.99910165e-04,   7.25143414e-04,
         1.52516575e-03,   1.99999995e-04,   5.00000024e-04,
         1.07414089e-03,   1.49966811e-03,   4.21702163e-03,
         1.99999995e-04,   7.83296011e-04,   1.70135102e-03,
         2.17812345e-03,   1.74999994e-04,   1.50000007e-04,
         1.20013347e-03,   4.99999987e-05,   7.24996324e-04,
         1.87706563e-03,   1.30277476e-03,   3.88813554e-03,
         2.29860842e-03,   4.49996674e-04,   1.50000007e-04,
         1.74999994e-04,   1.60051137e-03,   4.25000151e-04,
         1.15008280e-03,   7.99954287e-04,   7.25001504e-04,
         2.37723207e-03,   1.17547030e-03,   2.49999994e-05,
         2.15125061e-03,   2.37593637e-03,   6.50068338e-04,
         7.50000036e-05,   2.22506304e-03,   3.29708401e-03,
         3.22630187e-03,   3.20289610e-03,   1.34994870e-03,
         1.67646271e-03,   8.00014473e-04,   2.49999994e-05,
         9.50132380e-04,   9.99999975e-05,   1.37532363e-03,
         7.50145759e-04,   5.99982275e-04,   1.84925366e-03,
         1.20122905e-03,   7.25129910e-04,   2.67486763e-03,
         9.99999975e-05,   1.02533086e-03,   1.74999994e-04,
         1.07517594e-03,   3.82366986e-03,   5.00000024e-04,
         2.49999994e-05,   1.42698293e-03,   1.12483010e-03,
         2.32762517e-03,   2.96302792e-03,   9.49929818e-04,
         1.70320738e-03,   6.00067258e-04,   2.72487034e-03,
         2.49999994e-05,   1.25000006e-04,   1.87555084e-03,
         2.49999994e-05,   7.25012738e-04,   1.14986720e-03,
         2.00075377e-03,   1.25000006e-04,   1.70003052e-03,
         8.00001551e-04,   4.99999987e-05,   9.99999975e-05,
         5.50005701e-04,   3.14694550e-03,   3.25000001e-04,
         4.74999193e-04,   6.25000102e-04,   6.25504006e-04,
         1.92701793e-03,   1.50000007e-04,   1.74999994e-04,
         5.24999981e-04,   3.69766587e-03,   1.74999994e-04,
         2.50000012e-04,   7.99978094e-04,   2.26769364e-03,
         3.75064963e-04,   3.50000162e-04,   2.09970027e-03,
         1.12499413e-03,   2.27093440e-03,   2.49512494e-03,
         1.67489343e-03,   1.50108594e-03,   8.00001726e-04,
         4.75003064e-04,   1.54986116e-03,   2.88073858e-03,
         1.05012918e-03,   2.50000012e-04,   6.74999028e-04,
         1.25000006e-04,   8.00021633e-04,   9.25245695e-04,
         5.25012903e-04,   7.75220455e-04,   1.75081694e-03,
         2.52740528e-03,   4.50017513e-04,   1.14968419e-03,
         2.42410856e-03,   6.25001383e-04,   1.82210561e-03,
         2.49999994e-05,   5.74992446e-04,   3.14450054e-03,
         4.50000109e-04,   2.22377642e-03,   3.25000030e-04,
         2.49999994e-05,   1.32638076e-03,   2.49999994e-05,
         1.62343367e-03,   4.74999950e-04,   4.25000006e-04,
         3.25000001e-04,   1.70376315e-03,   1.02550699e-03,
         4.49997868e-04,   1.92508847e-03,   4.04777052e-03,
         7.50001462e-04,   2.24999996e-04,   7.50000036e-05,
         6.99998578e-04,   1.96111458e-03,   2.05352833e-03,
         4.19731485e-03,   7.50000036e-05,   1.74999994e-04,
         1.62595557e-03,   5.49999590e-04,   1.53042737e-03,
         3.25000001e-04,   7.75132619e-04,   3.99999990e-04,
         1.47524639e-03,   1.50000007e-04,   5.75024460e-04,
         3.00000014e-04,   6.24999695e-04,   1.20002474e-03,
         3.49999988e-04,   1.50000007e-04,   9.25022876e-04,
         2.49999994e-05,   3.00000014e-04,   8.99997714e-04,
         2.24999996e-04,   2.77793757e-03,   1.07506732e-03,
         2.49999994e-05,   6.25000219e-04,   7.25076126e-04,
         5.50277880e-04,   2.48552673e-03,   1.80163537e-03,
         4.75104811e-04,   1.77432003e-03,   1.75202044e-03,
         3.75000003e-04,   2.59854621e-03,   1.69995939e-03,
         1.50000007e-04,   8.25015479e-04,   5.74997801e-04,
         1.25296786e-03,   1.62509689e-03,   3.99999990e-04,
         3.25000758e-04,   2.62092776e-03,   1.20001158e-03,
         3.99999990e-04,   1.25941250e-03,   1.99999995e-04,
         2.24999982e-04,   3.81075358e-03,   7.24999583e-04,
         4.99999987e-05])
likeli_prob[:10]
array([  3.61799671e+168,   4.97634023e+170,   9.42872545e+124,
         5.67722348e+115,   3.34013153e-027,   1.97536468e+135,
         1.63759052e+117,   0.00000000e+000,   0.00000000e+000,
         9.93451137e+116])
np.argmax(likeli_prob)
376
np.argmax(likeli_prob)
469
likeli_prob[:10]
array([  1.49723681e+184,   2.33120296e+186,   1.18081548e+137,
         3.45338728e+126,   8.43030067e+005,   1.91155269e+158,
         1.24284698e+137,   0.00000000e+000,   0.00000000e+000,
         6.52112758e+124])
np.argmax(likeli_prob)
256
word2vec_distr['有限公司']
array([ 0.,  0.,  0.,  0.,  0.,  0.,  0.,  0.,  0.,  0.,  0.,  0.,  0.,
        0.,  0.,  0.,  0.,  0.,  0.,  0.,  0.,  0.,  0.,  0.,  0.,  0.,
        0.,  0.,  0.,  0.,  0.,  0.,  0.,  0.,  0.,  0.,  0.,  0.,  0.,
        0.,  0.,  0.,  0.,  0.,  0.,  0.,  0.,  0.,  0.,  0.,  0.,  0.,
        0.,  0.,  0.,  0.,  0.,  0.,  0.,  0.,  0.,  0.,  0.,  0.,  0.,
        0.,  0.,  0.,  0.,  0.,  0.,  0.,  0.,  0.,  0.,  0.,  0.,  0.,
        0.,  0.,  0.,  0.,  0.,  0.,  0.,  0.,  0.,  0.,  0.,  0.,  0.,
        0.,  0.,  0.,  0.,  0.,  0.,  0.,  0.,  0.,  0.,  0.,  0.,  0.,
        0.,  0.,  0.,  0.,  0.,  0.,  0.,  0.,  0.,  0.,  0.,  0.,  0.,
        0.,  0.,  0.,  0.,  0.,  0.,  0.,  0.,  0.,  0.,  0.,  0.,  0.,
        0.,  0.,  0.,  0.,  0.,  0.,  0.,  0.,  0.,  0.,  0.,  0.,  0.,
        0.,  0.,  0.,  0.,  0.,  0.,  0.,  0.,  0.,  0.,  0.,  0.,  0.,
        0.,  0.,  0.,  0.,  0.,  0.,  0.,  0.,  0.,  0.,  0.,  0.,  0.,
        0.,  0.,  0.,  0.,  0.,  0.,  0.,  0.,  0.,  0.,  0.,  0.,  0.,
        0.,  0.,  0.,  0.,  0.,  0.,  0.,  0.,  0.,  0.,  0.,  0.,  0.,
        0.,  0.,  0.,  0.,  0.,  0.,  0.,  0.,  0.,  0.,  0.,  0.,  0.,
        0.,  0.,  0.,  0.,  0.,  0.,  0.,  0.,  0.,  0.,  0.,  0.,  0.,
        0.,  0.,  0.,  0.,  0.,  0.,  0.,  0.,  0.,  0.,  0.,  0.,  0.,
        0.,  0.,  0.,  0.,  0.,  0.,  0.,  0.,  0.,  0.,  0.,  0.,  0.,
        0.,  0.,  0.,  0.,  0.,  0.,  0.,  0.,  0.,  0.,  0.,  0.,  0.,
        0.,  0.,  0.,  0.,  0.,  0.,  0.,  0.,  0.,  0.,  0.,  0.,  0.,
        0.,  0.,  0.,  0.,  0.,  0.,  0.,  0.,  0.,  0.,  0.,  0.,  0.,
        0.,  0.,  0.,  0.,  0.,  0.,  0.,  0.,  0.,  0.,  0.,  0.,  0.,
        0.,  0.,  0.,  0.,  0.,  0.,  0.,  0.,  0.,  0.,  0.,  0.,  0.,
        0.,  0.,  0.,  0.,  0.,  0.,  0.,  0.,  0.,  0.,  0.,  0.,  0.,
        0.,  0.,  0.,  0.,  0.,  0.,  0.,  0.,  0.,  0.,  0.,  0.,  0.,
        0.,  0.,  0.,  0.,  0.,  0.,  0.,  0.,  0.,  0.,  0.,  0.,  0.,
        0.,  0.,  0.,  0.,  0.,  0.,  0.,  0.,  0.,  0.,  0.,  0.,  0.,
        0.,  0.,  0.,  0.,  0.,  0.,  0.,  0.,  0.,  0.,  0.,  0.,  0.,
        0.,  0.,  0.,  0.,  0.,  0.,  0.,  0.,  0.,  0.,  0.,  0.,  0.,
        0.,  0.,  0.,  0.,  0.,  0.,  0.,  0.,  0.,  0.,  0.,  0.,  0.,
        0.,  0.,  0.,  0.,  0.,  0.,  0.,  0.,  0.,  0.,  0.,  0.,  0.,
        0.,  0.,  0.,  0.,  0.,  0.,  0.,  0.,  0.,  0.,  0.,  0.,  0.,
        0.,  0.,  0.,  0.,  0.,  0.,  0.,  0.,  0.,  0.,  0.,  0.,  0.,
        0.,  0.,  0.,  0.,  0.,  1.,  0.,  0.,  0.,  0.,  0.,  0.,  0.,
        0.,  0.,  0.,  0.,  0.,  0.,  0.,  0.,  0.,  0.,  0.,  0.,  0.,
        0.,  0.,  0.,  0.,  0.,  0.,  0.,  0.,  0.,  0.,  0.,  0.,  0.,
        0.,  0.,  0.,  0.,  0.,  0.,  0.,  0.,  0.,  0.,  0.,  0.,  0.,
        0.,  0.,  0.,  0.,  0.,  0.,  0.,  0.,  0.,  0.,  0.,  0.,  0.,
        0.,  0.,  0.,  0.,  0.,  0.,  0.,  0.,  0.,  0.,  0.,  0.,  0.,
        0.,  0.,  0.,  0.,  0.,  0.,  0.,  0.,  0.,  0.,  0.,  0.,  0.,
        0.,  0.,  0.,  0.,  0.,  0.,  0.,  0.,  0.,  0.,  0.,  0.,  0.,
        0.,  0.,  0.,  0.,  0.,  0.,  0.,  0.,  0.,  0.,  0.,  0.,  0.,
        0.,  0.,  0.,  0.,  0.,  0.,  0.,  0.,  0.,  0.,  0.,  0.,  0.,
        0.,  0.,  0.,  0.,  0.,  0.,  0.,  0.,  0.,  0.,  0.,  0.,  0.,
        0.,  0.,  0.,  0.,  0.,  0.,  0.,  0.,  0.,  0.,  0.,  0.,  0.,
        0.,  0.,  0.,  0.,  0.,  0.,  0.,  0.,  0.,  0.,  0.,  0.,  0.,
        0.,  0.,  0.,  0.,  0.,  0.,  0.,  0.,  0.,  0.,  0.,  0.,  0.,
        0.,  0.,  0.,  0.,  0.,  0.,  0.,  0.,  0.,  0.,  0.,  0.,  0.,
        0.,  0.,  0.,  0.,  0.,  0.,  0.,  0.,  0.,  0.,  0.,  0.,  0.,
        0.,  0.,  0.,  0.,  0.,  0.,  0.,  0.,  0.,  0.,  0.,  0.,  0.,
        0.,  0.,  0.,  0.,  0.,  0.,  0.,  0.,  0.,  0.,  0.,  0.,  0.,
        0.,  0.,  0.,  0.,  0.,  0.,  0.,  0.,  0.,  0.,  0.,  0.,  0.,
        0.,  0.,  0.,  0.,  0.,  0.,  0.,  0.,  0.,  0.,  0.,  0.,  0.,
        0.,  0.,  0.,  0.,  0.,  0.,  0.,  0.,  0.,  0.,  0.,  0.,  0.,
        0.,  0.,  0.,  0.,  0.,  0.,  0.,  0.,  0.,  0.,  0.,  0.,  0.,
        0.,  0.,  0.,  0.,  0.,  0.,  0.,  0.,  0.,  0.,  0.,  0.,  0.,
        0.,  0.,  0.,  0.,  0.,  0.,  0.,  0.,  0.,  0.,  0.,  0.,  0.,
        0.,  0.,  0.,  0.,  0.,  0.,  0.,  0.,  0.,  0.,  0.,  0.,  0.,
        0.,  0.,  0.,  0.,  0.,  0.,  0.,  0.,  0.,  0.,  0.,  0.,  0.,
        0.,  0.,  0.,  0.,  0.,  0.,  0.,  0.,  0.,  0.,  0.,  0.,  0.,
        0.,  0.,  0.,  0.,  0.,  0.,  0.,  0.,  0.,  0.,  0.,  0.,  0.,
        0.,  0.,  0.,  0.,  0.,  0.,  0.,  0.,  0.,  0.,  0.,  0.,  0.,
        0.,  0.,  0.,  0.,  0.,  0.,  0.,  0.,  0.,  0.,  0.,  0.,  0.,
        0.,  0.,  0.,  0.,  0.,  0.,  0.,  0.,  0.,  0.,  0.,  0.,  0.,
        0.,  0.,  0.,  0.,  0.,  0.,  0.,  0.,  0.,  0.,  0.,  0.,  0.,
        0.,  0.,  0.,  0.,  0.,  0.,  0.,  0.,  0.,  0.,  0.,  0.,  0.,
        0.,  0.,  0.,  0.,  0.,  0.,  0.,  0.,  0.,  0.,  0.,  0.,  0.,
        0.,  0.,  0.,  0.,  0.,  0.,  0.,  0.,  0.,  0.,  0.,  0.,  0.,
        0.,  0.,  0.,  0.,  0.,  0.,  0.,  0.,  0.,  0.,  0.,  0.,  0.,
        0.,  0.,  0.,  0.,  0.,  0.,  0.,  0.,  0.,  0.,  0.,  0.,  0.,
        0.,  0.,  0.,  0.,  0.,  0.,  0.,  0.,  0.,  0.,  0.,  0.,  0.,
        0.,  0.,  0.,  0.,  0.,  0.,  0.,  0.,  0.,  0.,  0.,  0.,  0.,
        0.,  0.,  0.,  0.,  0.,  0.,  0.,  0.,  0.,  0.,  0.,  0.,  0.,
        0.,  0.,  0.,  0.,  0.,  0.,  0.,  0.,  0.,  0.,  0.,  0.,  0.,
        0.,  0.,  0.,  0.,  0.,  0.,  0.,  0.,  0.,  0.,  0.,  0.,  0.,
        0.,  0.,  0.,  0.,  0.,  0.,  0.,  0.,  0.,  0.,  0.,  0.])
word2vec_distr['有限公司'].argmax()
447
word2vec_distr['公司'].argmax()
447
word2vec_distr['市场'].argmax()
779
word2vec_distr['产品'].argmax()
693
word2vec_distr['国家'].argmax()
441
word2vec_distr['中国'].argmax()
256
word2vec_distr['美国'].argmax()
483
word2vec_distr['美元'].argmax()
35
word2vec_distr['学校'].argmax()
641
word2vec_distr['大学'].argmax()
269
for word, prob in word2vec_distr.items():
    if prob.argmax() == 256:
        print word

外事
铺货
集中度
沾
棍子
碉堡
山地
缺乏
异质
压迫
模组
随州
沼泽
用途
婚介
募款
站区
探路者
爱心
中国
媳妇儿
恩瑞
预料
涡旋
函件
枝叶
观者
光阴
救
荆轲
切中
路
花
宠物店
造船业
试点县
胶州湾
安顺
安全带
涂刷
拘留所
泛海
机遇
秋风
秦岭
雷阵雨
检查点
甘孜州
男团
吊射
认罪
伪装
宣传处
放电
海选
领会
问政
展示区
丁香
for word, prob in word2vec_distr.items():
    if prob.argmax() == 447:
        print word

嵘影业
跨国公司
集团公司
电影业
有限公司
发行商
母公司
嘉禾
熊影业
分公司
影业
制片厂
总公司
子公司
公司
五谷
for word, prob in word2vec_distr.items():
    if prob.argmax() == word2vec_distr['美国'].argmax():
        print word

荷兰
尾款
乌克兰
瑞典
俄罗斯队
减掉
德国
交出
丹麦
亚美尼亚
芬兰
爱尔
法国
美国队
英格兰
斯洛伐克
捷克
苏联
英国
罗马尼亚
德意志
爱尔兰
联邦
爱沙尼亚
苏格兰
英国人
波兰
以色列
南斯拉夫
奥地利
俄国
帝国
王国
马其顿
杨志
比利时
挪威
荷兰队
澳大利亚队
俄罗斯
希腊
法国队
前兆
捷克共和国
德国人
白俄罗斯
地利
澳大利亚
塞尔维亚
加长
德国队
匈牙利
美国
卢森堡
哭闹
保加利亚
for word, prob in word2vec_distr.items():
    if prob.argmax() == word2vec_distr['数据'].argmax():
        print word

参考书
拍拍网
懒觉
不可
主题
多于
蒙骗
构造
移
取消
撒
理由
商法
错误率
不足
说明
花纹
眼红
数字
杨浦
打响
特色
欠款
白纸
沦陷
标题
隐患
罪名
制胜
需要
雷声
提示
例子
挡风
无限
动态
犯罪率
草稿
河源
科学界
门窗
渣土
民意
接受
聊天群
描述
合格
中风
特色化
条目
广告词
数额
警告
发送
错误
隐藏
返回
谈心
移动端
注册
能力
白蚁
传播
强哥
数据
雄辩
答
养阴
解封
资格
刷新
时长
符合
土楼
任意球
女心
平房
记录
吸引
机器人
数据线
for word, prob in word2vec_distr.items():
    if prob.argmax() == word2vec_distr['互联网'].argmax():
        print word

信息署
企业
信息
论坛
信息流
计算机
信息库
网络版
政策
色情
资源
互联网络
计算量
开发
成分
信息化部
自动化
道具
邮件
客户数
应用
相关
待机
对象
信息员
信息化
信息量
互联网
媒体
核技术
概念
商业
有关
技术
本体
容器
信息网
防火墙
考古
互联网圈
电子
时间表
信息表
网络
互联网界
技术面
信息学
原材料
安全观
传记
契约
综合
系统
人工智能
数据库
领域
字体
规范性
业务
简析
高华
信息部
文物
引起
信息点
创立
实验
电子化
软件
图形
计算机系
环境
信息港
for word, prob in word2vec_distr.items():
    if prob.argmax() == word2vec_distr['农民'].argmax():
        print word

宣传员
宣传周
契税
侵犯
造福
农民
来源｜
编者按
体验式
宣传科
降温
期限
联系点
同意
提案
僧人
细菌性
展示厅
人族
木业
没用
来源于
来源国
参保人
请勿
叶
提议
残破
宣传栏
经纪人
宣传日
休憩
for word, prob in word2vec_distr.items():
    if prob.argmax() == word2vec_distr['农村人'].argmax():
        print word

情缘
租人
消防员
铁娘子
宣传部
文官
自学
统治者
黄鹤楼
刘少奇
元老
赔款
左臂
农村
孙中山
工学
美利
条约
天顺
祭奠
任职
深思
列宁
中学
沙俄
申报
毕业证
执政
骏马
钳工
粉丝量
改革者
胜利者
耶稣
居留权
婚姻
聂荣臻
独立王国
建国
君王
国民
更名
属地
修道
蒙古人
市场经理
戈壁
劳动力
招待所
老百姓
宪章
沙皇
伸长
法西斯
邓小平理论
荒野
大关
干事
驰援
苏维埃
保护区
革命军
理科生
过渡
文人
晨报
党委
领导班子
代表大会
建成
农业部
彭德怀
法典
肾气
淡马锡
互联时代
审问
反胃
赔率
保护者
共同体
同盟
祖国
电厂
美术学
屠宰
举办
归类
总会
任教
战区
农村人
斯大林
打蜡
皇家一号
中间人
眼神
准确率
武官
党中央
贵族
殊荣
独立性
太阳城
纪念币
江城
喝彩
独立团
殖民者
观察报
林彪
铁三角
划界
独立日
进攻性
核试验
中间体
同盟会
运送
公布值
优秀奖
大会
杨华
莎士比亚
会议
新政
金日成
民政部门
工农红军
英国公
白宫
协商
宗教界
威望
王莉
风衣
佛经
塔利班
医师
查重

